[2019-06-15T16:10:22.842] [INFO] http - ::1 - - "GET / HTTP/1.1" 200 1772 "" "Mozilla/5.0 (Macintosh; Intel Mac OS X 10_14_5) AppleWebKit/537.36 (KHTML, like Gecko) Chrome/74.0.3729.169 Safari/537.36"
[2019-06-15T16:10:22.873] [INFO] http - ::1 - - "GET /styles.6c61b4d6f75ad17139a2.css HTTP/1.1" 200 118079 "http://localhost:3000/" "Mozilla/5.0 (Macintosh; Intel Mac OS X 10_14_5) AppleWebKit/537.36 (KHTML, like Gecko) Chrome/74.0.3729.169 Safari/537.36"
[2019-06-15T16:10:22.879] [INFO] http - ::1 - - "GET /assets/slider.min.js HTTP/1.1" 200 50370 "http://localhost:3000/" "Mozilla/5.0 (Macintosh; Intel Mac OS X 10_14_5) AppleWebKit/537.36 (KHTML, like Gecko) Chrome/74.0.3729.169 Safari/537.36"
[2019-06-15T16:10:22.880] [INFO] http - ::1 - - "GET /runtime.26209474bfa8dc87a77c.js HTTP/1.1" 200 1440 "http://localhost:3000/" "Mozilla/5.0 (Macintosh; Intel Mac OS X 10_14_5) AppleWebKit/537.36 (KHTML, like Gecko) Chrome/74.0.3729.169 Safari/537.36"
[2019-06-15T16:10:22.882] [INFO] http - ::1 - - "GET /polyfills.8bbb231b43165d65d357.js HTTP/1.1" 200 41994 "http://localhost:3000/" "Mozilla/5.0 (Macintosh; Intel Mac OS X 10_14_5) AppleWebKit/537.36 (KHTML, like Gecko) Chrome/74.0.3729.169 Safari/537.36"
[2019-06-15T16:10:22.891] [INFO] http - ::1 - - "GET /main.7b5db5b63ff4e3049dd5.js HTTP/1.1" 200 541984 "http://localhost:3000/" "Mozilla/5.0 (Macintosh; Intel Mac OS X 10_14_5) AppleWebKit/537.36 (KHTML, like Gecko) Chrome/74.0.3729.169 Safari/537.36"
[2019-06-15T16:10:24.135] [INFO] http - ::1 - - "GET /assets/logo-libroteca.png HTTP/1.1" 200 5295 "http://localhost:3000/home" "Mozilla/5.0 (Macintosh; Intel Mac OS X 10_14_5) AppleWebKit/537.36 (KHTML, like Gecko) Chrome/74.0.3729.169 Safari/537.36"
[2019-06-15T16:10:24.197] [INFO] http - ::1 - - "GET /favicon.ico HTTP/1.1" 200 1150 "http://localhost:3000/home" "Mozilla/5.0 (Macintosh; Intel Mac OS X 10_14_5) AppleWebKit/537.36 (KHTML, like Gecko) Chrome/74.0.3729.169 Safari/537.36"
[2019-06-15T16:10:27.173] [WARN] http - ::1 - - "GET /styles.6c61b4d6f75ad17139a2.css HTTP/1.1" 304 - "http://localhost:3000/home" "Mozilla/5.0 (Macintosh; Intel Mac OS X 10_14_5) AppleWebKit/537.36 (KHTML, like Gecko) Chrome/74.0.3729.169 Safari/537.36"
[2019-06-15T16:15:38.017] [INFO] http - ::1 - - "GET /home HTTP/1.1" 200 1738 "" "Mozilla/5.0 (Macintosh; Intel Mac OS X 10_14_5) AppleWebKit/537.36 (KHTML, like Gecko) Chrome/74.0.3729.169 Safari/537.36"
[2019-06-15T16:15:38.051] [INFO] http - ::1 - - "GET /assets/slider.min.js HTTP/1.1" 200 50370 "http://localhost:3000/home" "Mozilla/5.0 (Macintosh; Intel Mac OS X 10_14_5) AppleWebKit/537.36 (KHTML, like Gecko) Chrome/74.0.3729.169 Safari/537.36"
[2019-06-15T16:15:38.053] [INFO] http - ::1 - - "GET /runtime.js HTTP/1.1" 200 6224 "http://localhost:3000/home" "Mozilla/5.0 (Macintosh; Intel Mac OS X 10_14_5) AppleWebKit/537.36 (KHTML, like Gecko) Chrome/74.0.3729.169 Safari/537.36"
[2019-06-15T16:15:38.059] [INFO] http - ::1 - - "GET /polyfills.js HTTP/1.1" 200 241636 "http://localhost:3000/home" "Mozilla/5.0 (Macintosh; Intel Mac OS X 10_14_5) AppleWebKit/537.36 (KHTML, like Gecko) Chrome/74.0.3729.169 Safari/537.36"
[2019-06-15T16:15:38.070] [INFO] http - ::1 - - "GET /main.js HTTP/1.1" 200 278416 "http://localhost:3000/home" "Mozilla/5.0 (Macintosh; Intel Mac OS X 10_14_5) AppleWebKit/537.36 (KHTML, like Gecko) Chrome/74.0.3729.169 Safari/537.36"
[2019-06-15T16:15:38.075] [INFO] http - ::1 - - "GET /styles.js HTTP/1.1" 200 417809 "http://localhost:3000/home" "Mozilla/5.0 (Macintosh; Intel Mac OS X 10_14_5) AppleWebKit/537.36 (KHTML, like Gecko) Chrome/74.0.3729.169 Safari/537.36"
[2019-06-15T16:15:38.160] [INFO] http - ::1 - - "GET /runtime.js.map HTTP/1.1" 200 6214 "" "Mozilla/5.0 (Macintosh; Intel Mac OS X 10_14_5) AppleWebKit/537.36 (KHTML, like Gecko) Chrome/74.0.3729.169 Safari/537.36"
[2019-06-15T16:15:38.240] [INFO] http - ::1 - - "GET /polyfills.js.map HTTP/1.1" 200 240346 "" "Mozilla/5.0 (Macintosh; Intel Mac OS X 10_14_5) AppleWebKit/537.36 (KHTML, like Gecko) Chrome/74.0.3729.169 Safari/537.36"
[2019-06-15T16:15:38.270] [INFO] http - ::1 - - "GET /styles.js.map HTTP/1.1" 200 469522 "" "Mozilla/5.0 (Macintosh; Intel Mac OS X 10_14_5) AppleWebKit/537.36 (KHTML, like Gecko) Chrome/74.0.3729.169 Safari/537.36"
[2019-06-15T16:15:38.370] [INFO] http - ::1 - - "GET /vendor.js HTTP/1.1" 200 8107599 "http://localhost:3000/home" "Mozilla/5.0 (Macintosh; Intel Mac OS X 10_14_5) AppleWebKit/537.36 (KHTML, like Gecko) Chrome/74.0.3729.169 Safari/537.36"
[2019-06-15T16:15:38.862] [INFO] http - ::1 - - "GET /vendor.js.map HTTP/1.1" 200 8526325 "" "Mozilla/5.0 (Macintosh; Intel Mac OS X 10_14_5) AppleWebKit/537.36 (KHTML, like Gecko) Chrome/74.0.3729.169 Safari/537.36"
[2019-06-15T16:15:39.819] [INFO] http - ::1 - - "GET /main.js.map HTTP/1.1" 200 278659 "" "Mozilla/5.0 (Macintosh; Intel Mac OS X 10_14_5) AppleWebKit/537.36 (KHTML, like Gecko) Chrome/74.0.3729.169 Safari/537.36"
[2019-06-15T16:15:39.862] [INFO] http - ::1 - - "GET /assets/logo-libroteca.png HTTP/1.1" 200 5295 "http://localhost:3000/home" "Mozilla/5.0 (Macintosh; Intel Mac OS X 10_14_5) AppleWebKit/537.36 (KHTML, like Gecko) Chrome/74.0.3729.169 Safari/537.36"
[2019-06-15T16:15:39.911] [INFO] http - ::1 - - "GET /favicon.ico HTTP/1.1" 200 1150 "http://localhost:3000/home" "Mozilla/5.0 (Macintosh; Intel Mac OS X 10_14_5) AppleWebKit/537.36 (KHTML, like Gecko) Chrome/74.0.3729.169 Safari/537.36"
[2019-06-15T16:15:45.478] [INFO] http - ::1 - - "POST /api/v1/items/checkUser HTTP/1.1" 200 230 "http://localhost:3000/home" "Mozilla/5.0 (Macintosh; Intel Mac OS X 10_14_5) AppleWebKit/537.36 (KHTML, like Gecko) Chrome/74.0.3729.169 Safari/537.36"
[2019-06-15T16:15:47.501] [WARN] http - ::1 - - "GET /api/v1/items/checkToken HTTP/1.1" 304 - "http://localhost:3000/inicio" "Mozilla/5.0 (Macintosh; Intel Mac OS X 10_14_5) AppleWebKit/537.36 (KHTML, like Gecko) Chrome/74.0.3729.169 Safari/537.36"
[2019-06-15T16:15:47.566] [INFO] http - ::1 - - "GET /assets/1.jpeg HTTP/1.1" 200 229265 "http://localhost:3000/inicio" "Mozilla/5.0 (Macintosh; Intel Mac OS X 10_14_5) AppleWebKit/537.36 (KHTML, like Gecko) Chrome/74.0.3729.169 Safari/537.36"
[2019-06-15T16:15:47.571] [INFO] http - ::1 - - "GET /api/v1/items/getUser HTTP/1.1" 200 168 "http://localhost:3000/inicio" "Mozilla/5.0 (Macintosh; Intel Mac OS X 10_14_5) AppleWebKit/537.36 (KHTML, like Gecko) Chrome/74.0.3729.169 Safari/537.36"
[2019-06-15T16:15:47.577] [INFO] http - ::1 - - "GET /assets/3.jpeg HTTP/1.1" 200 125114 "http://localhost:3000/inicio" "Mozilla/5.0 (Macintosh; Intel Mac OS X 10_14_5) AppleWebKit/537.36 (KHTML, like Gecko) Chrome/74.0.3729.169 Safari/537.36"
[2019-06-15T16:15:47.603] [INFO] http - ::1 - - "GET /assets/2.jpeg HTTP/1.1" 200 196860 "http://localhost:3000/inicio" "Mozilla/5.0 (Macintosh; Intel Mac OS X 10_14_5) AppleWebKit/537.36 (KHTML, like Gecko) Chrome/74.0.3729.169 Safari/537.36"
[2019-06-15T16:15:47.617] [INFO] http - ::1 - - "GET /fa-solid-900.woff2 HTTP/1.1" 200 50388 "http://localhost:3000/" "Mozilla/5.0 (Macintosh; Intel Mac OS X 10_14_5) AppleWebKit/537.36 (KHTML, like Gecko) Chrome/74.0.3729.169 Safari/537.36"
[2019-06-15T16:15:48.067] [INFO] http - ::1 - - "GET /bannerAzul.jpg HTTP/1.1" 200 24637508 "http://localhost:3000/" "Mozilla/5.0 (Macintosh; Intel Mac OS X 10_14_5) AppleWebKit/537.36 (KHTML, like Gecko) Chrome/74.0.3729.169 Safari/537.36"
[2019-06-15T16:15:57.604] [WARN] http - ::1 - - "GET /api/v1/items/checkToken HTTP/1.1" 304 - "http://localhost:3000/busquedaTitulo" "Mozilla/5.0 (Macintosh; Intel Mac OS X 10_14_5) AppleWebKit/537.36 (KHTML, like Gecko) Chrome/74.0.3729.169 Safari/537.36"
[2019-06-15T16:15:57.629] [WARN] http - ::1 - - "GET /api/v1/items/getUser HTTP/1.1" 304 - "http://localhost:3000/busquedaTitulo" "Mozilla/5.0 (Macintosh; Intel Mac OS X 10_14_5) AppleWebKit/537.36 (KHTML, like Gecko) Chrome/74.0.3729.169 Safari/537.36"
[2019-06-15T16:15:57.663] [INFO] http - ::1 - - "GET /api/v1/items/takeAllReadedBooks HTTP/1.1" 200 16515 "http://localhost:3000/busquedaTitulo" "Mozilla/5.0 (Macintosh; Intel Mac OS X 10_14_5) AppleWebKit/537.36 (KHTML, like Gecko) Chrome/74.0.3729.169 Safari/537.36"
[2019-06-15T16:16:04.108] [WARN] http - ::1 - - "GET /api/v1/items/checkToken HTTP/1.1" 304 - "http://localhost:3000/libro-detalle/CPQZa3UM_EkC" "Mozilla/5.0 (Macintosh; Intel Mac OS X 10_14_5) AppleWebKit/537.36 (KHTML, like Gecko) Chrome/74.0.3729.169 Safari/537.36"
[2019-06-15T16:16:04.131] [WARN] http - ::1 - - "GET /api/v1/items/getUser HTTP/1.1" 304 - "http://localhost:3000/libro-detalle/CPQZa3UM_EkC" "Mozilla/5.0 (Macintosh; Intel Mac OS X 10_14_5) AppleWebKit/537.36 (KHTML, like Gecko) Chrome/74.0.3729.169 Safari/537.36"
[2019-06-15T16:16:04.143] [WARN] http - ::1 - - "GET /api/v1/items/takeAllReadedBooks HTTP/1.1" 304 - "http://localhost:3000/libro-detalle/CPQZa3UM_EkC" "Mozilla/5.0 (Macintosh; Intel Mac OS X 10_14_5) AppleWebKit/537.36 (KHTML, like Gecko) Chrome/74.0.3729.169 Safari/537.36"
[2019-06-15T16:16:05.739] [WARN] http - ::1 - - "GET /api/v1/items/checkToken HTTP/1.1" 304 - "http://localhost:3000/busquedaTitulo" "Mozilla/5.0 (Macintosh; Intel Mac OS X 10_14_5) AppleWebKit/537.36 (KHTML, like Gecko) Chrome/74.0.3729.169 Safari/537.36"
[2019-06-15T16:16:05.755] [WARN] http - ::1 - - "GET /api/v1/items/getUser HTTP/1.1" 304 - "http://localhost:3000/busquedaTitulo" "Mozilla/5.0 (Macintosh; Intel Mac OS X 10_14_5) AppleWebKit/537.36 (KHTML, like Gecko) Chrome/74.0.3729.169 Safari/537.36"
[2019-06-15T16:16:05.767] [WARN] http - ::1 - - "GET /api/v1/items/takeAllReadedBooks HTTP/1.1" 304 - "http://localhost:3000/busquedaTitulo" "Mozilla/5.0 (Macintosh; Intel Mac OS X 10_14_5) AppleWebKit/537.36 (KHTML, like Gecko) Chrome/74.0.3729.169 Safari/537.36"
[2019-06-15T16:16:18.764] [INFO] http - ::1 - - "POST /api/v1/items/addLeido HTTP/1.1" 200 1020 "http://localhost:3000/busquedaTitulo" "Mozilla/5.0 (Macintosh; Intel Mac OS X 10_14_5) AppleWebKit/537.36 (KHTML, like Gecko) Chrome/74.0.3729.169 Safari/537.36"
[2019-06-15T16:16:18.818] [INFO] http - ::1 - - "GET /assets/addLeido.png HTTP/1.1" 200 25179 "http://localhost:3000/busquedaTitulo" "Mozilla/5.0 (Macintosh; Intel Mac OS X 10_14_5) AppleWebKit/537.36 (KHTML, like Gecko) Chrome/74.0.3729.169 Safari/537.36"
[2019-06-15T16:16:18.826] [INFO] http - ::1 - - "GET /fa-regular-400.woff2 HTTP/1.1" 200 12168 "http://localhost:3000/" "Mozilla/5.0 (Macintosh; Intel Mac OS X 10_14_5) AppleWebKit/537.36 (KHTML, like Gecko) Chrome/74.0.3729.169 Safari/537.36"
[2019-06-15T16:16:24.797] [WARN] http - ::1 - - "GET /api/v1/items/checkToken HTTP/1.1" 304 - "http://localhost:3000/perfil" "Mozilla/5.0 (Macintosh; Intel Mac OS X 10_14_5) AppleWebKit/537.36 (KHTML, like Gecko) Chrome/74.0.3729.169 Safari/537.36"
[2019-06-15T16:16:24.800] [WARN] http - ::1 - - "GET /assets/slider.min.js HTTP/1.1" 304 - "http://localhost:3000/perfil" "Mozilla/5.0 (Macintosh; Intel Mac OS X 10_14_5) AppleWebKit/537.36 (KHTML, like Gecko) Chrome/74.0.3729.169 Safari/537.36"
[2019-06-15T16:16:24.818] [WARN] http - ::1 - - "GET /api/v1/items/getUser HTTP/1.1" 304 - "http://localhost:3000/perfil" "Mozilla/5.0 (Macintosh; Intel Mac OS X 10_14_5) AppleWebKit/537.36 (KHTML, like Gecko) Chrome/74.0.3729.169 Safari/537.36"
[2019-06-15T16:16:24.820] [INFO] http - ::1 - - "GET /assets/slider-perfil/ninos.jpg HTTP/1.1" 200 146394 "http://localhost:3000/perfil" "Mozilla/5.0 (Macintosh; Intel Mac OS X 10_14_5) AppleWebKit/537.36 (KHTML, like Gecko) Chrome/74.0.3729.169 Safari/537.36"
[2019-06-15T16:16:24.821] [INFO] http - ::1 - - "GET /assets/slider-perfil/editar.jpg HTTP/1.1" 200 149782 "http://localhost:3000/perfil" "Mozilla/5.0 (Macintosh; Intel Mac OS X 10_14_5) AppleWebKit/537.36 (KHTML, like Gecko) Chrome/74.0.3729.169 Safari/537.36"
[2019-06-15T16:16:24.927] [INFO] http - ::1 - - "GET /letras.jpg HTTP/1.1" 200 1922646 "http://localhost:3000/" "Mozilla/5.0 (Macintosh; Intel Mac OS X 10_14_5) AppleWebKit/537.36 (KHTML, like Gecko) Chrome/74.0.3729.169 Safari/537.36"
[2019-06-15T16:16:24.961] [INFO] http - ::1 - - "GET /favoritos.jpg HTTP/1.1" 200 3188327 "http://localhost:3000/" "Mozilla/5.0 (Macintosh; Intel Mac OS X 10_14_5) AppleWebKit/537.36 (KHTML, like Gecko) Chrome/74.0.3729.169 Safari/537.36"
[2019-06-15T16:16:25.035] [INFO] http - ::1 - - "GET /assets/slider-perfil/biblio.jpg HTTP/1.1" 200 290747 "http://localhost:3000/perfil" "Mozilla/5.0 (Macintosh; Intel Mac OS X 10_14_5) AppleWebKit/537.36 (KHTML, like Gecko) Chrome/74.0.3729.169 Safari/537.36"
[2019-06-15T16:16:25.041] [INFO] http - ::1 - - "GET /perfil-leidos.jpg HTTP/1.1" 200 9018701 "http://localhost:3000/" "Mozilla/5.0 (Macintosh; Intel Mac OS X 10_14_5) AppleWebKit/537.36 (KHTML, like Gecko) Chrome/74.0.3729.169 Safari/537.36"
[2019-06-15T16:16:26.466] [WARN] http - ::1 - - "GET /api/v1/items/checkToken HTTP/1.1" 304 - "http://localhost:3000/leidos" "Mozilla/5.0 (Macintosh; Intel Mac OS X 10_14_5) AppleWebKit/537.36 (KHTML, like Gecko) Chrome/74.0.3729.169 Safari/537.36"
[2019-06-15T16:16:26.504] [WARN] http - ::1 - - "GET /api/v1/items/getUser HTTP/1.1" 304 - "http://localhost:3000/leidos" "Mozilla/5.0 (Macintosh; Intel Mac OS X 10_14_5) AppleWebKit/537.36 (KHTML, like Gecko) Chrome/74.0.3729.169 Safari/537.36"
[2019-06-15T16:16:26.510] [INFO] http - ::1 - - "GET /api/v1/items/takeAllReadedBooks HTTP/1.1" 200 17532 "http://localhost:3000/leidos" "Mozilla/5.0 (Macintosh; Intel Mac OS X 10_14_5) AppleWebKit/537.36 (KHTML, like Gecko) Chrome/74.0.3729.169 Safari/537.36"
[2019-06-15T16:16:26.523] [INFO] http - ::1 - - "GET /api/v1/items/takeAllFavsBooks HTTP/1.1" 200 2996 "http://localhost:3000/leidos" "Mozilla/5.0 (Macintosh; Intel Mac OS X 10_14_5) AppleWebKit/537.36 (KHTML, like Gecko) Chrome/74.0.3729.169 Safari/537.36"
[2019-06-15T16:16:33.568] [INFO] http - ::1 - - "GET /api/v1/items/addFavorito/70 HTTP/1.1" 200 1057 "http://localhost:3000/leidos" "Mozilla/5.0 (Macintosh; Intel Mac OS X 10_14_5) AppleWebKit/537.36 (KHTML, like Gecko) Chrome/74.0.3729.169 Safari/537.36"
[2019-06-15T16:16:33.583] [INFO] http - ::1 - - "GET /assets/corazon.png HTTP/1.1" 200 30962 "http://localhost:3000/leidos" "Mozilla/5.0 (Macintosh; Intel Mac OS X 10_14_5) AppleWebKit/537.36 (KHTML, like Gecko) Chrome/74.0.3729.169 Safari/537.36"
[2019-06-15T16:16:33.602] [INFO] http - ::1 - - "GET /assets/coin.mp3 HTTP/1.1" 206 17109 "http://localhost:3000/leidos" "Mozilla/5.0 (Macintosh; Intel Mac OS X 10_14_5) AppleWebKit/537.36 (KHTML, like Gecko) Chrome/74.0.3729.169 Safari/537.36"
[2019-06-15T16:16:36.434] [WARN] http - ::1 - - "GET /api/v1/items/checkToken HTTP/1.1" 304 - "http://localhost:3000/libro-detalle-leido/33" "Mozilla/5.0 (Macintosh; Intel Mac OS X 10_14_5) AppleWebKit/537.36 (KHTML, like Gecko) Chrome/74.0.3729.169 Safari/537.36"
[2019-06-15T16:16:36.445] [WARN] http - ::1 - - "GET /api/v1/items/getUser HTTP/1.1" 304 - "http://localhost:3000/libro-detalle-leido/33" "Mozilla/5.0 (Macintosh; Intel Mac OS X 10_14_5) AppleWebKit/537.36 (KHTML, like Gecko) Chrome/74.0.3729.169 Safari/537.36"
[2019-06-15T16:16:36.452] [INFO] http - ::1 - - "GET /api/v1/items/takeAllFavsBooks HTTP/1.1" 200 4029 "http://localhost:3000/libro-detalle-leido/33" "Mozilla/5.0 (Macintosh; Intel Mac OS X 10_14_5) AppleWebKit/537.36 (KHTML, like Gecko) Chrome/74.0.3729.169 Safari/537.36"
[2019-06-15T16:16:36.454] [WARN] http - ::1 - - "GET /api/v1/items/takeAllReadedBooks HTTP/1.1" 304 - "http://localhost:3000/libro-detalle-leido/33" "Mozilla/5.0 (Macintosh; Intel Mac OS X 10_14_5) AppleWebKit/537.36 (KHTML, like Gecko) Chrome/74.0.3729.169 Safari/537.36"
[2019-06-15T16:16:39.027] [INFO] http - ::1 - - "GET /api/v1/items/borrarFavorito/70 HTTP/1.1" 200 127 "http://localhost:3000/libro-detalle-leido/33" "Mozilla/5.0 (Macintosh; Intel Mac OS X 10_14_5) AppleWebKit/537.36 (KHTML, like Gecko) Chrome/74.0.3729.169 Safari/537.36"
[2019-06-15T16:16:41.938] [INFO] http - ::1 - - "GET /api/v1/items/addFavorito/70 HTTP/1.1" 200 1057 "http://localhost:3000/libro-detalle-leido/33" "Mozilla/5.0 (Macintosh; Intel Mac OS X 10_14_5) AppleWebKit/537.36 (KHTML, like Gecko) Chrome/74.0.3729.169 Safari/537.36"
[2019-06-15T16:16:45.765] [INFO] http - ::1 - - "GET /api/v1/items/borrarLeido/33 HTTP/1.1" 200 127 "http://localhost:3000/libro-detalle-leido/33" "Mozilla/5.0 (Macintosh; Intel Mac OS X 10_14_5) AppleWebKit/537.36 (KHTML, like Gecko) Chrome/74.0.3729.169 Safari/537.36"
[2019-06-15T16:16:45.805] [WARN] http - ::1 - - "GET /api/v1/items/checkToken HTTP/1.1" 304 - "http://localhost:3000/leidos" "Mozilla/5.0 (Macintosh; Intel Mac OS X 10_14_5) AppleWebKit/537.36 (KHTML, like Gecko) Chrome/74.0.3729.169 Safari/537.36"
[2019-06-15T16:16:45.820] [WARN] http - ::1 - - "GET /api/v1/items/getUser HTTP/1.1" 304 - "http://localhost:3000/leidos" "Mozilla/5.0 (Macintosh; Intel Mac OS X 10_14_5) AppleWebKit/537.36 (KHTML, like Gecko) Chrome/74.0.3729.169 Safari/537.36"
[2019-06-15T16:16:45.827] [INFO] http - ::1 - - "GET /api/v1/items/takeAllFavsBooks HTTP/1.1" 200 2996 "http://localhost:3000/leidos" "Mozilla/5.0 (Macintosh; Intel Mac OS X 10_14_5) AppleWebKit/537.36 (KHTML, like Gecko) Chrome/74.0.3729.169 Safari/537.36"
[2019-06-15T16:16:45.830] [INFO] http - ::1 - - "GET /api/v1/items/takeAllReadedBooks HTTP/1.1" 200 16515 "http://localhost:3000/leidos" "Mozilla/5.0 (Macintosh; Intel Mac OS X 10_14_5) AppleWebKit/537.36 (KHTML, like Gecko) Chrome/74.0.3729.169 Safari/537.36"
[2019-06-15T16:16:48.767] [WARN] http - ::1 - - "GET /api/v1/items/checkToken HTTP/1.1" 304 - "http://localhost:3000/listaUsuarios" "Mozilla/5.0 (Macintosh; Intel Mac OS X 10_14_5) AppleWebKit/537.36 (KHTML, like Gecko) Chrome/74.0.3729.169 Safari/537.36"
[2019-06-15T16:16:48.777] [WARN] http - ::1 - - "GET /api/v1/items/getUser HTTP/1.1" 304 - "http://localhost:3000/listaUsuarios" "Mozilla/5.0 (Macintosh; Intel Mac OS X 10_14_5) AppleWebKit/537.36 (KHTML, like Gecko) Chrome/74.0.3729.169 Safari/537.36"
[2019-06-15T16:16:48.781] [INFO] http - ::1 - - "GET /api/v1/items/allUsers HTTP/1.1" 200 1172 "http://localhost:3000/listaUsuarios" "Mozilla/5.0 (Macintosh; Intel Mac OS X 10_14_5) AppleWebKit/537.36 (KHTML, like Gecko) Chrome/74.0.3729.169 Safari/537.36"
[2019-06-15T16:16:55.975] [INFO] http - ::1 - - "POST /api/v1/items/checkUser HTTP/1.1" 200 230 "http://localhost:3000/home" "Mozilla/5.0 (Macintosh; Intel Mac OS X 10_14_5) AppleWebKit/537.36 (KHTML, like Gecko) Chrome/74.0.3729.169 Safari/537.36"
[2019-06-15T16:16:57.991] [WARN] http - ::1 - - "GET /api/v1/items/checkToken HTTP/1.1" 304 - "http://localhost:3000/inicio" "Mozilla/5.0 (Macintosh; Intel Mac OS X 10_14_5) AppleWebKit/537.36 (KHTML, like Gecko) Chrome/74.0.3729.169 Safari/537.36"
[2019-06-15T16:16:58.062] [WARN] http - ::1 - - "GET /assets/2.jpeg HTTP/1.1" 304 - "http://localhost:3000/inicio" "Mozilla/5.0 (Macintosh; Intel Mac OS X 10_14_5) AppleWebKit/537.36 (KHTML, like Gecko) Chrome/74.0.3729.169 Safari/537.36"
[2019-06-15T16:16:58.063] [WARN] http - ::1 - - "GET /assets/1.jpeg HTTP/1.1" 304 - "http://localhost:3000/inicio" "Mozilla/5.0 (Macintosh; Intel Mac OS X 10_14_5) AppleWebKit/537.36 (KHTML, like Gecko) Chrome/74.0.3729.169 Safari/537.36"
[2019-06-15T16:16:58.063] [WARN] http - ::1 - - "GET /assets/3.jpeg HTTP/1.1" 304 - "http://localhost:3000/inicio" "Mozilla/5.0 (Macintosh; Intel Mac OS X 10_14_5) AppleWebKit/537.36 (KHTML, like Gecko) Chrome/74.0.3729.169 Safari/537.36"
[2019-06-15T16:16:58.080] [WARN] http - ::1 - - "GET /api/v1/items/getUser HTTP/1.1" 304 - "http://localhost:3000/inicio" "Mozilla/5.0 (Macintosh; Intel Mac OS X 10_14_5) AppleWebKit/537.36 (KHTML, like Gecko) Chrome/74.0.3729.169 Safari/537.36"
[2019-06-15T16:20:07.193] [WARN] http - ::1 - - "GET /api/v1/items/checkToken HTTP/1.1" 304 - "http://localhost:3000/perfil" "Mozilla/5.0 (Macintosh; Intel Mac OS X 10_14_5) AppleWebKit/537.36 (KHTML, like Gecko) Chrome/74.0.3729.169 Safari/537.36"
[2019-06-15T16:20:07.196] [WARN] http - ::1 - - "GET /assets/slider.min.js HTTP/1.1" 304 - "http://localhost:3000/perfil" "Mozilla/5.0 (Macintosh; Intel Mac OS X 10_14_5) AppleWebKit/537.36 (KHTML, like Gecko) Chrome/74.0.3729.169 Safari/537.36"
[2019-06-15T16:20:07.216] [WARN] http - ::1 - - "GET /api/v1/items/getUser HTTP/1.1" 304 - "http://localhost:3000/perfil" "Mozilla/5.0 (Macintosh; Intel Mac OS X 10_14_5) AppleWebKit/537.36 (KHTML, like Gecko) Chrome/74.0.3729.169 Safari/537.36"
[2019-06-15T16:20:08.278] [WARN] http - ::1 - - "GET /api/v1/items/checkToken HTTP/1.1" 304 - "http://localhost:3000/editarPerfil" "Mozilla/5.0 (Macintosh; Intel Mac OS X 10_14_5) AppleWebKit/537.36 (KHTML, like Gecko) Chrome/74.0.3729.169 Safari/537.36"
[2019-06-15T16:20:08.285] [WARN] http - ::1 - - "GET /api/v1/items/getUser HTTP/1.1" 304 - "http://localhost:3000/editarPerfil" "Mozilla/5.0 (Macintosh; Intel Mac OS X 10_14_5) AppleWebKit/537.36 (KHTML, like Gecko) Chrome/74.0.3729.169 Safari/537.36"
[2019-06-15T16:20:08.291] [WARN] http - ::1 - - "GET /api/v1/items/getUser HTTP/1.1" 304 - "http://localhost:3000/editarPerfil" "Mozilla/5.0 (Macintosh; Intel Mac OS X 10_14_5) AppleWebKit/537.36 (KHTML, like Gecko) Chrome/74.0.3729.169 Safari/537.36"
[2019-06-15T16:20:11.926] [WARN] http - ::1 - - "GET /api/v1/items/searchUser/angyt HTTP/1.1" 304 - "http://localhost:3000/editarPerfil" "Mozilla/5.0 (Macintosh; Intel Mac OS X 10_14_5) AppleWebKit/537.36 (KHTML, like Gecko) Chrome/74.0.3729.169 Safari/537.36"
[2019-06-15T16:20:12.133] [WARN] http - ::1 - - "GET /api/v1/items/searchUser/angyta HTTP/1.1" 304 - "http://localhost:3000/editarPerfil" "Mozilla/5.0 (Macintosh; Intel Mac OS X 10_14_5) AppleWebKit/537.36 (KHTML, like Gecko) Chrome/74.0.3729.169 Safari/537.36"
[2019-06-15T16:20:16.743] [INFO] http - ::1 - - "POST /api/v1/items/updateUser HTTP/1.1" 200 168 "http://localhost:3000/editarPerfil" "Mozilla/5.0 (Macintosh; Intel Mac OS X 10_14_5) AppleWebKit/537.36 (KHTML, like Gecko) Chrome/74.0.3729.169 Safari/537.36"
[2019-06-15T16:20:27.715] [INFO] http - ::1 - - "POST /api/v1/items/checkUser HTTP/1.1" 200 235 "http://localhost:3000/home" "Mozilla/5.0 (Macintosh; Intel Mac OS X 10_14_5) AppleWebKit/537.36 (KHTML, like Gecko) Chrome/74.0.3729.169 Safari/537.36"
[2019-06-15T16:20:29.731] [WARN] http - ::1 - - "GET /api/v1/items/checkToken HTTP/1.1" 304 - "http://localhost:3000/inicio" "Mozilla/5.0 (Macintosh; Intel Mac OS X 10_14_5) AppleWebKit/537.36 (KHTML, like Gecko) Chrome/74.0.3729.169 Safari/537.36"
[2019-06-15T16:20:29.777] [WARN] http - ::1 - - "GET /assets/1.jpeg HTTP/1.1" 304 - "http://localhost:3000/inicio" "Mozilla/5.0 (Macintosh; Intel Mac OS X 10_14_5) AppleWebKit/537.36 (KHTML, like Gecko) Chrome/74.0.3729.169 Safari/537.36"
[2019-06-15T16:20:29.782] [WARN] http - ::1 - - "GET /assets/2.jpeg HTTP/1.1" 304 - "http://localhost:3000/inicio" "Mozilla/5.0 (Macintosh; Intel Mac OS X 10_14_5) AppleWebKit/537.36 (KHTML, like Gecko) Chrome/74.0.3729.169 Safari/537.36"
[2019-06-15T16:20:29.783] [WARN] http - ::1 - - "GET /assets/3.jpeg HTTP/1.1" 304 - "http://localhost:3000/inicio" "Mozilla/5.0 (Macintosh; Intel Mac OS X 10_14_5) AppleWebKit/537.36 (KHTML, like Gecko) Chrome/74.0.3729.169 Safari/537.36"
[2019-06-15T16:20:29.793] [INFO] http - ::1 - - "GET /api/v1/items/getUser HTTP/1.1" 200 170 "http://localhost:3000/inicio" "Mozilla/5.0 (Macintosh; Intel Mac OS X 10_14_5) AppleWebKit/537.36 (KHTML, like Gecko) Chrome/74.0.3729.169 Safari/537.36"
[2019-06-15T16:20:33.237] [WARN] http - ::1 - - "GET /api/v1/items/checkToken HTTP/1.1" 304 - "http://localhost:3000/perfil" "Mozilla/5.0 (Macintosh; Intel Mac OS X 10_14_5) AppleWebKit/537.36 (KHTML, like Gecko) Chrome/74.0.3729.169 Safari/537.36"
[2019-06-15T16:20:33.242] [WARN] http - ::1 - - "GET /assets/slider.min.js HTTP/1.1" 304 - "http://localhost:3000/perfil" "Mozilla/5.0 (Macintosh; Intel Mac OS X 10_14_5) AppleWebKit/537.36 (KHTML, like Gecko) Chrome/74.0.3729.169 Safari/537.36"
[2019-06-15T16:20:33.259] [WARN] http - ::1 - - "GET /api/v1/items/getUser HTTP/1.1" 304 - "http://localhost:3000/perfil" "Mozilla/5.0 (Macintosh; Intel Mac OS X 10_14_5) AppleWebKit/537.36 (KHTML, like Gecko) Chrome/74.0.3729.169 Safari/537.36"
[2019-06-15T16:20:34.112] [WARN] http - ::1 - - "GET /api/v1/items/checkToken HTTP/1.1" 304 - "http://localhost:3000/editarPerfil" "Mozilla/5.0 (Macintosh; Intel Mac OS X 10_14_5) AppleWebKit/537.36 (KHTML, like Gecko) Chrome/74.0.3729.169 Safari/537.36"
[2019-06-15T16:20:34.123] [WARN] http - ::1 - - "GET /api/v1/items/getUser HTTP/1.1" 304 - "http://localhost:3000/editarPerfil" "Mozilla/5.0 (Macintosh; Intel Mac OS X 10_14_5) AppleWebKit/537.36 (KHTML, like Gecko) Chrome/74.0.3729.169 Safari/537.36"
[2019-06-15T16:20:34.138] [WARN] http - ::1 - - "GET /api/v1/items/getUser HTTP/1.1" 304 - "http://localhost:3000/editarPerfil" "Mozilla/5.0 (Macintosh; Intel Mac OS X 10_14_5) AppleWebKit/537.36 (KHTML, like Gecko) Chrome/74.0.3729.169 Safari/537.36"
[2019-06-15T16:20:35.967] [WARN] http - ::1 - - "GET /api/v1/items/searchUser/angy HTTP/1.1" 304 - "http://localhost:3000/editarPerfil" "Mozilla/5.0 (Macintosh; Intel Mac OS X 10_14_5) AppleWebKit/537.36 (KHTML, like Gecko) Chrome/74.0.3729.169 Safari/537.36"
[2019-06-15T16:20:38.816] [WARN] http - ::1 - - "GET /api/v1/items/checkToken HTTP/1.1" 304 - "http://localhost:3000/perfil" "Mozilla/5.0 (Macintosh; Intel Mac OS X 10_14_5) AppleWebKit/537.36 (KHTML, like Gecko) Chrome/74.0.3729.169 Safari/537.36"
[2019-06-15T16:20:38.818] [WARN] http - ::1 - - "GET /assets/slider.min.js HTTP/1.1" 304 - "http://localhost:3000/perfil" "Mozilla/5.0 (Macintosh; Intel Mac OS X 10_14_5) AppleWebKit/537.36 (KHTML, like Gecko) Chrome/74.0.3729.169 Safari/537.36"
[2019-06-15T16:20:38.830] [WARN] http - ::1 - - "GET /api/v1/items/getUser HTTP/1.1" 304 - "http://localhost:3000/perfil" "Mozilla/5.0 (Macintosh; Intel Mac OS X 10_14_5) AppleWebKit/537.36 (KHTML, like Gecko) Chrome/74.0.3729.169 Safari/537.36"
[2019-06-15T16:20:43.696] [WARN] http - ::1 - - "GET /api/v1/items/checkToken HTTP/1.1" 304 - "http://localhost:3000/editarPerfil" "Mozilla/5.0 (Macintosh; Intel Mac OS X 10_14_5) AppleWebKit/537.36 (KHTML, like Gecko) Chrome/74.0.3729.169 Safari/537.36"
[2019-06-15T16:20:43.705] [WARN] http - ::1 - - "GET /api/v1/items/getUser HTTP/1.1" 304 - "http://localhost:3000/editarPerfil" "Mozilla/5.0 (Macintosh; Intel Mac OS X 10_14_5) AppleWebKit/537.36 (KHTML, like Gecko) Chrome/74.0.3729.169 Safari/537.36"
[2019-06-15T16:20:43.715] [WARN] http - ::1 - - "GET /api/v1/items/getUser HTTP/1.1" 304 - "http://localhost:3000/editarPerfil" "Mozilla/5.0 (Macintosh; Intel Mac OS X 10_14_5) AppleWebKit/537.36 (KHTML, like Gecko) Chrome/74.0.3729.169 Safari/537.36"
[2019-06-15T16:20:46.651] [WARN] http - ::1 - - "GET /api/v1/items/searchUser/angy HTTP/1.1" 304 - "http://localhost:3000/editarPerfil" "Mozilla/5.0 (Macintosh; Intel Mac OS X 10_14_5) AppleWebKit/537.36 (KHTML, like Gecko) Chrome/74.0.3729.169 Safari/537.36"
[2019-06-15T16:20:51.702] [INFO] http - ::1 - - "POST /api/v1/items/updateUser HTTP/1.1" 200 168 "http://localhost:3000/editarPerfil" "Mozilla/5.0 (Macintosh; Intel Mac OS X 10_14_5) AppleWebKit/537.36 (KHTML, like Gecko) Chrome/74.0.3729.169 Safari/537.36"
